Rakit\Validation\RuleNotFoundException: Validator 'required|min' is not registered in C:\laragon\www\b45\vendor\rakit\validation\src\Validator.php:103
Stack trace:
#0 [internal function]: Rakit\Validation\Validator->__invoke('required|min', '6|max:30')
#1 C:\laragon\www\b45\vendor\rakit\validation\src\Validation.php(494): call_user_func_array(Object(Rakit\Validation\Validator), Array)
#2 C:\laragon\www\b45\vendor\rakit\validation\src\Validation.php(71): Rakit\Validation\Validation->resolveRules(Array)
#3 C:\laragon\www\b45\vendor\rakit\validation\src\Validation.php(58): Rakit\Validation\Validation->addAttribute('password', Array)
#4 C:\laragon\www\b45\vendor\rakit\validation\src\Validator.php(83): Rakit\Validation\Validation->__construct(Object(Rakit\Validation\Validator), Array, Array, Array)
#5 C:\laragon\www\b45\app\Controller.php(7): Rakit\Validation\Validator->make(Array, Array)
#6 C:\laragon\www\b45\app\Controllers\Auth\AuthController.php(26): App\Controller->validate(Object(Rakit\Validation\Validator), Array, Array)
#7 [internal function]: App\Controllers\Auth\AuthController->login()
#8 C:\laragon\www\b45\vendor\bramus\router\src\Bramus\Router\Router.php(482): call_user_func_array(Array, Array)
#9 C:\laragon\www\b45\vendor\bramus\router\src\Bramus\Router\Router.php(440): Bramus\Router\Router->invoke('App\\Controllers...', Array)
#10 C:\laragon\www\b45\vendor\bramus\router\src\Bramus\Router\Router.php(287): Bramus\Router\Router->handle(Array, true)
#11 C:\laragon\www\b45\routers\index.php(12): Bramus\Router\Router->run()
#12 C:\laragon\www\b45\index.php(5): require('C:\\laragon\\www\\...')
#13 {main}Rakit\Validation\RuleNotFoundException: Validator 'required|min' is not registered in C:\laragon\www\b45\vendor\rakit\validation\src\Validator.php:103
Stack trace:
#0 [internal function]: Rakit\Validation\Validator->__invoke('required|min', '6|max:30')
#1 C:\laragon\www\b45\vendor\rakit\validation\src\Validation.php(494): call_user_func_array(Object(Rakit\Validation\Validator), Array)
#2 C:\laragon\www\b45\vendor\rakit\validation\src\Validation.php(71): Rakit\Validation\Validation->resolveRules(Array)
#3 C:\laragon\www\b45\vendor\rakit\validation\src\Validation.php(58): Rakit\Validation\Validation->addAttribute('password', Array)
#4 C:\laragon\www\b45\vendor\rakit\validation\src\Validator.php(83): Rakit\Validation\Validation->__construct(Object(Rakit\Validation\Validator), Array, Array, Array)
#5 C:\laragon\www\b45\app\Controller.php(7): Rakit\Validation\Validator->make(Array, Array)
#6 C:\laragon\www\b45\app\Controllers\Auth\AuthController.php(26): App\Controller->validate(Object(Rakit\Validation\Validator), Array, Array)
#7 [internal function]: App\Controllers\Auth\AuthController->login()
#8 C:\laragon\www\b45\vendor\bramus\router\src\Bramus\Router\Router.php(482): call_user_func_array(Array, Array)
#9 C:\laragon\www\b45\vendor\bramus\router\src\Bramus\Router\Router.php(440): Bramus\Router\Router->invoke('App\\Controllers...', Array)
#10 C:\laragon\www\b45\vendor\bramus\router\src\Bramus\Router\Router.php(287): Bramus\Router\Router->handle(Array, true)
#11 C:\laragon\www\b45\routers\index.php(12): Bramus\Router\Router->run()
#12 C:\laragon\www\b45\index.php(5): require('C:\\laragon\\www\\...')
#13 {main}Rakit\Validation\RuleNotFoundException: Validator 'required|min' is not registered in C:\laragon\www\b45\vendor\rakit\validation\src\Validator.php:103
Stack trace:
#0 [internal function]: Rakit\Validation\Validator->__invoke('required|min', '6|max:30')
#1 C:\laragon\www\b45\vendor\rakit\validation\src\Validation.php(494): call_user_func_array(Object(Rakit\Validation\Validator), Array)
#2 C:\laragon\www\b45\vendor\rakit\validation\src\Validation.php(71): Rakit\Validation\Validation->resolveRules(Array)
#3 C:\laragon\www\b45\vendor\rakit\validation\src\Validation.php(58): Rakit\Validation\Validation->addAttribute('password', Array)
#4 C:\laragon\www\b45\vendor\rakit\validation\src\Validator.php(83): Rakit\Validation\Validation->__construct(Object(Rakit\Validation\Validator), Array, Array, Array)
#5 C:\laragon\www\b45\app\Controller.php(7): Rakit\Validation\Validator->make(Array, Array)
#6 C:\laragon\www\b45\app\Controllers\Auth\AuthController.php(26): App\Controller->validate(Object(Rakit\Validation\Validator), Array, Array)
#7 [internal function]: App\Controllers\Auth\AuthController->login()
#8 C:\laragon\www\b45\vendor\bramus\router\src\Bramus\Router\Router.php(482): call_user_func_array(Array, Array)
#9 C:\laragon\www\b45\vendor\bramus\router\src\Bramus\Router\Router.php(440): Bramus\Router\Router->invoke('App\\Controllers...', Array)
#10 C:\laragon\www\b45\vendor\bramus\router\src\Bramus\Router\Router.php(287): Bramus\Router\Router->handle(Array, true)
#11 C:\laragon\www\b45\routers\index.php(12): Bramus\Router\Router->run()
#12 C:\laragon\www\b45\index.php(5): require('C:\\laragon\\www\\...')
#13 {main}Rakit\Validation\RuleNotFoundException: Validator 'required|min' is not registered in C:\laragon\www\b45\vendor\rakit\validation\src\Validator.php:103
Stack trace:
#0 [internal function]: Rakit\Validation\Validator->__invoke('required|min', '6|max:30')
#1 C:\laragon\www\b45\vendor\rakit\validation\src\Validation.php(494): call_user_func_array(Object(Rakit\Validation\Validator), Array)
#2 C:\laragon\www\b45\vendor\rakit\validation\src\Validation.php(71): Rakit\Validation\Validation->resolveRules(Array)
#3 C:\laragon\www\b45\vendor\rakit\validation\src\Validation.php(58): Rakit\Validation\Validation->addAttribute('password', Array)
#4 C:\laragon\www\b45\vendor\rakit\validation\src\Validator.php(83): Rakit\Validation\Validation->__construct(Object(Rakit\Validation\Validator), Array, Array, Array)
#5 C:\laragon\www\b45\app\Controller.php(7): Rakit\Validation\Validator->make(Array, Array)
#6 C:\laragon\www\b45\app\Controllers\Auth\AuthController.php(26): App\Controller->validate(Object(Rakit\Validation\Validator), Array, Array)
#7 [internal function]: App\Controllers\Auth\AuthController->login()
#8 C:\laragon\www\b45\vendor\bramus\router\src\Bramus\Router\Router.php(482): call_user_func_array(Array, Array)
#9 C:\laragon\www\b45\vendor\bramus\router\src\Bramus\Router\Router.php(440): Bramus\Router\Router->invoke('App\\Controllers...', Array)
#10 C:\laragon\www\b45\vendor\bramus\router\src\Bramus\Router\Router.php(287): Bramus\Router\Router->handle(Array, true)
#11 C:\laragon\www\b45\routers\index.php(12): Bramus\Router\Router->run()
#12 C:\laragon\www\b45\index.php(5): require('C:\\laragon\\www\\...')
#13 {main}Rakit\Validation\RuleNotFoundException: Validator 'required|min' is not registered in C:\laragon\www\b45\vendor\rakit\validation\src\Validator.php:103
Stack trace:
#0 [internal function]: Rakit\Validation\Validator->__invoke('required|min', '6|max:30')
#1 C:\laragon\www\b45\vendor\rakit\validation\src\Validation.php(494): call_user_func_array(Object(Rakit\Validation\Validator), Array)
#2 C:\laragon\www\b45\vendor\rakit\validation\src\Validation.php(71): Rakit\Validation\Validation->resolveRules(Array)
#3 C:\laragon\www\b45\vendor\rakit\validation\src\Validation.php(58): Rakit\Validation\Validation->addAttribute('password', Array)
#4 C:\laragon\www\b45\vendor\rakit\validation\src\Validator.php(83): Rakit\Validation\Validation->__construct(Object(Rakit\Validation\Validator), Array, Array, Array)
#5 C:\laragon\www\b45\app\Controller.php(7): Rakit\Validation\Validator->make(Array, Array)
#6 C:\laragon\www\b45\app\Controllers\Auth\AuthController.php(26): App\Controller->validate(Object(Rakit\Validation\Validator), Array, Array)
#7 [internal function]: App\Controllers\Auth\AuthController->login()
#8 C:\laragon\www\b45\vendor\bramus\router\src\Bramus\Router\Router.php(482): call_user_func_array(Array, Array)
#9 C:\laragon\www\b45\vendor\bramus\router\src\Bramus\Router\Router.php(440): Bramus\Router\Router->invoke('App\\Controllers...', Array)
#10 C:\laragon\www\b45\vendor\bramus\router\src\Bramus\Router\Router.php(287): Bramus\Router\Router->handle(Array, true)
#11 C:\laragon\www\b45\routers\index.php(12): Bramus\Router\Router->run()
#12 C:\laragon\www\b45\index.php(5): require('C:\\laragon\\www\\...')
#13 {main}Rakit\Validation\RuleNotFoundException: Validator 'required|min' is not registered in C:\laragon\www\b45\vendor\rakit\validation\src\Validator.php:103
Stack trace:
#0 [internal function]: Rakit\Validation\Validator->__invoke('required|min', '6|max:30')
#1 C:\laragon\www\b45\vendor\rakit\validation\src\Validation.php(494): call_user_func_array(Object(Rakit\Validation\Validator), Array)
#2 C:\laragon\www\b45\vendor\rakit\validation\src\Validation.php(71): Rakit\Validation\Validation->resolveRules(Array)
#3 C:\laragon\www\b45\vendor\rakit\validation\src\Validation.php(58): Rakit\Validation\Validation->addAttribute('password', Array)
#4 C:\laragon\www\b45\vendor\rakit\validation\src\Validator.php(83): Rakit\Validation\Validation->__construct(Object(Rakit\Validation\Validator), Array, Array, Array)
#5 C:\laragon\www\b45\app\Controller.php(7): Rakit\Validation\Validator->make(Array, Array)
#6 C:\laragon\www\b45\app\Controllers\Auth\AuthController.php(26): App\Controller->validate(Object(Rakit\Validation\Validator), Array, Array)
#7 [internal function]: App\Controllers\Auth\AuthController->login()
#8 C:\laragon\www\b45\vendor\bramus\router\src\Bramus\Router\Router.php(482): call_user_func_array(Array, Array)
#9 C:\laragon\www\b45\vendor\bramus\router\src\Bramus\Router\Router.php(440): Bramus\Router\Router->invoke('App\\Controllers...', Array)
#10 C:\laragon\www\b45\vendor\bramus\router\src\Bramus\Router\Router.php(287): Bramus\Router\Router->handle(Array, true)
#11 C:\laragon\www\b45\routers\index.php(12): Bramus\Router\Router->run()
#12 C:\laragon\www\b45\index.php(5): require('C:\\laragon\\www\\...')
#13 {main}Rakit\Validation\RuleNotFoundException: Validator 'required|min' is not registered in C:\laragon\www\b45\vendor\rakit\validation\src\Validator.php:103
Stack trace:
#0 [internal function]: Rakit\Validation\Validator->__invoke('required|min', '6|max:30')
#1 C:\laragon\www\b45\vendor\rakit\validation\src\Validation.php(494): call_user_func_array(Object(Rakit\Validation\Validator), Array)
#2 C:\laragon\www\b45\vendor\rakit\validation\src\Validation.php(71): Rakit\Validation\Validation->resolveRules(Array)
#3 C:\laragon\www\b45\vendor\rakit\validation\src\Validation.php(58): Rakit\Validation\Validation->addAttribute('password', Array)
#4 C:\laragon\www\b45\vendor\rakit\validation\src\Validator.php(83): Rakit\Validation\Validation->__construct(Object(Rakit\Validation\Validator), Array, Array, Array)
#5 C:\laragon\www\b45\app\Controller.php(7): Rakit\Validation\Validator->make(Array, Array)
#6 C:\laragon\www\b45\app\Controllers\Auth\AuthController.php(26): App\Controller->validate(Object(Rakit\Validation\Validator), Array, Array)
#7 [internal function]: App\Controllers\Auth\AuthController->login()
#8 C:\laragon\www\b45\vendor\bramus\router\src\Bramus\Router\Router.php(482): call_user_func_array(Array, Array)
#9 C:\laragon\www\b45\vendor\bramus\router\src\Bramus\Router\Router.php(440): Bramus\Router\Router->invoke('App\\Controllers...', Array)
#10 C:\laragon\www\b45\vendor\bramus\router\src\Bramus\Router\Router.php(287): Bramus\Router\Router->handle(Array, true)
#11 C:\laragon\www\b45\routers\index.php(12): Bramus\Router\Router->run()
#12 C:\laragon\www\b45\index.php(5): require('C:\\laragon\\www\\...')
#13 {main}